
ROM used:   1989/8192 (24%)
            1989/8192 (24%) including unused fragments

            1.5 Average locations per line
            9.1 Average locations per statement

RAM used:   14/368 (4%) at main() level
            74/368 (20%) worst case

Stack used: 0 worst case (0 in main + 0 for interrupts)
Stack size: 8

Lines Stmts  %   Files
----- ----- ---  -----
  241   119  54  odev2.c
   10     0   0  odev2.h
  629     0   0  ..\..\..\..\..\..\Program Files (x86)\PICC\Devices\16F877.h
  456   100  46  ..\..\..\..\..\..\Program Files (x86)\PICC\Drivers\lcd.c
----- -----
 1336   219 Total

Page ROM  %  RAM   Vol Diff  Functions:
---- --- --- ---   --- ----  ----------
0     20   1    1             @delay_ms1
0      8   0    0             @const619
 Inline         3   760  4.5  lcd_read_byte
0     49   2    2   262  3.7  lcd_read_nibble
0     48   2    1   399  2.4  lcd_send_nibble
0     94   5    3   415  3.7  lcd_send_byte
0     61   3    2   704  5.0  lcd_init
0     18   1    4   208  6.3  lcd_gotoxy
0     44   2    1   354  4.7  lcd_putc
0     50   3    0   380  1.9  comstart
0     69   3    5   682  6.9  comwrite
0    108   5    3  1280  6.6  comread
0     37   2    2   225  5.0  comwait
 Inline         1   290  3.7  comreset
 Inline         4   170  3.1  measuretemp
 Inline         4   170  3.1  measurehumid
 Inline        32   399  5.1  calculate_data
0     29   1    2   170  3.1  @ITOF
0    117   6   13   170  3.1  @MULFF
0    321  16   16   399  5.1  @ADDFF
 Inline        16   228  3.0  sht_rd
0     47   2    0    32  1.0  sht_init
0    458  23    9   216  2.2  MAIN
0     10   1    0   228  3.0  @const702
0     84   4    5    32  1.0  @PSTRINGCN7_638
 Inline         5   216  2.2  @FTOSD
0     79   4   13             @DIV3232
0    224  11   13             @PRINTF_L32D_638FPFPF
0     10   1    0             @const713
 Inline         0             @cinit1

Program metrics:
    Functions               24
    Statements              219
    Comments                278
    Volume (V)              15046
    Difficulty (D)          89.0
    Effort to implement (E) 1339427
    Time to implement (T)   20 hours, 40 minutes
    Est Delivered Bugs (B)  4
    Cyclomatic Complexity   21
    Maintainability (MI)    59

 Segment     Used  Free
-----------  ----  ----
00000-00003     4  0  
00004-007FF  1985  59  
00800-00FFF     0  2048  
01000-017FF     0  2048  
01800-01FFF     0  2048  



